*** Start analyzing build configuration ***
Auto-config - Scanning: /home/student/kgaweda/VDIC/lab02part1
Auto-config - VLOG: /home/student/kgaweda/VDIC/lab02part1
Auto-config - Wrote:
    /home/student/kgaweda/VDIC/lab02part1/.dvt/default.build.auto.1
*** List of included argument files ***
    Build configuration file:  /home/student/kgaweda/VDIC/lab02part1/.dvt/default.build
    -f /home/student/kgaweda/VDIC/lab02part1/.dvt/default.build.auto.1
*** List of invocations ***
Invocation #1 +dvt_init+dvt in /home/student/kgaweda/VDIC/lab02part1/.dvt/default.build.auto.1 at line 9
*** Done analyzing build configuration [138 ms] ***

*** Start SystemVerilog build ***
*** Invocation #1***
Loading (1) /home/student/kgaweda/VDIC/lab02part1/alu_tb.sv ...
Done /home/student/kgaweda/VDIC/lab02part1/alu_tb.sv [185 ms, 625 lines, SystemVerilog_2012] ...
Loading (2) /home/student/kgaweda/VDIC/lab02part1/mtm_Alu.vp ...
Done /home/student/kgaweda/VDIC/lab02part1/mtm_Alu.vp [2 ms, 474 lines, SystemVerilog_2012] ...
*** Done invocation #1 [145 ms] ***
*** Done parsing [LT 39.0 ms, PT 145.0 ms] ***
*** Total number of lines [1 099] ***
Performing post full build actions ...
Performing post full build step 1 (SRI) [1 ms] ...
Performing post full build step 2 (RI) [0 ms] ...
Performing post full build step 3 (RCP) [0 ms] ...
*** Done SystemVerilog build [191 ms] ***

*** Start mixed mode extension build ***
Performing mixed post full build step 1 (Verilog - RI) [0 ms] ...
Performing mixed post full build step 2 (Verilog - RC) [0 ms] ...
Performing mixed post full build step 3 (Verilog - RPC) [1 ms] ...
Performing mixed post full build step 4 (Verilog - RD) [1 ms] ...
Performing mixed post full build step 5 (Verilog - FSC) [51 ms] ...
Performing mixed post full build step 6 (Verilog - EV) [52 ms] ...
Performing mixed post full build step 7 (Verilog - US) [51 ms] ...
*** Done mixed mode extension build [274 ms] ***
*** Start adding/validating the DVT Auto-Linked resources ***
*** Done adding/validating the DVT Auto-Linked resources [2 ms] ***
*** Total build time [607 ms] ***
