*** Start analyzing build configuration ***
Auto-config - Scanning: /home/student/kgaweda/VDIC/lab01
Auto-config - VLOG: /home/student/kgaweda/VDIC/lab01
Auto-config - VHDL: /home/student/kgaweda/VDIC/lab01
Auto-config - Wrote:
    /home/student/kgaweda/VDIC/lab01/.dvt/default.build.auto.1
*** List of included argument files ***
    Build configuration file:  /home/student/kgaweda/VDIC/lab01/.dvt/default.build
    -f /home/student/kgaweda/VDIC/lab01/.dvt/default.build.auto.1
*** List of invocations ***
Invocation #1 +dvt_init+dvt in /home/student/kgaweda/VDIC/lab01/.dvt/default.build.auto.1 at line 9
*** Done analyzing build configuration [125 ms] ***

*** Start VHDL build ***
*** Done parsing [271.0 ms] ***
*** Total number of lines [0] ***
Performing post full build step 1 (VHDL - RU) [8 ms] ...
*** Done VHDL build [282 ms] ***

*** Start SystemVerilog build ***
*** Invocation #1***
Loading (1) /home/student/kgaweda/VDIC/lab01/alu_testbench.sv ...
Done /home/student/kgaweda/VDIC/lab01/alu_testbench.sv [108 ms, 120 lines, SystemVerilog_2012] ...
Loading (2) /home/student/kgaweda/VDIC/lab01/mtm_Alu.vp ...
Done /home/student/kgaweda/VDIC/lab01/mtm_Alu.vp [3 ms, 474 lines, SystemVerilog_2012] ...
*** Done invocation #1 [34 ms] ***
*** Done parsing [LT 28.0 ms, PT 34.0 ms] ***
*** Total number of lines [594] ***
Performing post full build actions ...
Performing post full build step 1 (SRI) [0 ms] ...
Performing post full build step 2 (RI) [0 ms] ...
Performing post full build step 3 (RCP) [0 ms] ...
*** Done SystemVerilog build [117 ms] ***

*** Start mixed mode extension build ***
Performing mixed post full build step 1 (VHDL - RU) [5 ms] ...
Performing mixed post full build step 2 (VHDL - RT) [51 ms] ...
Performing mixed post full build step 3 (VHDL - RD) [5 ms] ...
Performing mixed post full build step 4 (VHDL - FSC) [53 ms] ...
Performing mixed post full build step 5 (VHDL - RPC) [0 ms] ...
Performing mixed post full build step 6 (VHDL - US) [0 ms] ...
Performing mixed post full build step 7 (VHDL - USBD) [51 ms] ...
Performing mixed post full build step 1 (Verilog - RI) [0 ms] ...
Performing mixed post full build step 2 (Verilog - RC) [1 ms] ...
Performing mixed post full build step 3 (Verilog - RPC) [3 ms] ...
Performing mixed post full build step 4 (Verilog - RD) [0 ms] ...
Performing mixed post full build step 5 (Verilog - FSC) [52 ms] ...
Performing mixed post full build step 6 (Verilog - EV) [52 ms] ...
Performing mixed post full build step 7 (Verilog - US) [50 ms] ...
*** Done mixed mode extension build [465 ms] ***
*** Start adding/validating the DVT Auto-Linked resources ***
*** Done adding/validating the DVT Auto-Linked resources [1 ms] ***
*** Total build time [993 ms] ***
