TOOL:	xrun	19.09-s003: Started on Oct 18, 2020 at 20:29:51 CEST
xrun
	-elaborate
	-l xrun_elaborate.log
	-f dut.f
		mtm_Alu.vp
	-f tb.f
		alu_testbench.sv
	-v93
	+nowarnDSEM2009
	+nowarnDSEMEL
	+nowarnCGDEFN
	-xmlibdirname INCA_libs_gui
	+access+r
	+gui
	+overwrite
	-nocopyright
	-coverage all
	-covoverwrite
	-covfile xrun_covfile.txt
		Caching library 'worklib' ....... Done
	Elaborating the design hierarchy:
	Top level design units:
		top_TB

	Extracting FSMs for coverage:
		worklib.mtm_Alu
		worklib.top_TB
	Total FSMs extracted = 0
	Building instance overlay tables: .................... Done
	Enabling instrumentation for coverage types: block expression FSM toggle functional
	Generating native compiled code:
			streams:   7, words:  4287
			streams:   9, words: 28418
			streams:   7, words:  3741
		worklib.top_TB:sv <0x55e2b4da>
			streams:   6, words:  4746
	Building instance specific data structures.
	Performing constant object marking (COM) analysis.
	Loading native compiled code:     .................... Done
	Design hierarchy summary:
		                 Instances  Unique
		Modules:                 5       5
		Registers:              74      74
		Scalar wires:            8       -
		Vectored wires:          2       -
		Always blocks:          12      12
		Initial blocks:          1       1
		Pseudo assignments:      1       1
		Simulation timescale:  1ps
	Writing initial simulation snapshot: worklib.top_TB:sv
TOOL:	xrun	19.09-s003: Exiting on Oct 18, 2020 at 20:29:51 CEST  (total: 00:00:00)
