TOOL:	xrun	19.09-s003: Started on Oct 28, 2020 at 18:17:28 CET
xrun
	-f dut.f
		mtm_Alu.vp
	-f tb.f
		alu_testbench.sv
	-v93
	+nowarnDSEM2009
	+nowarnDSEMEL
	+nowarnCGDEFN
	-xmlibdirname INCA_libs_gui
	+access+r
	+gui
	+overwrite
	-nocopyright
	-coverage all
	-covoverwrite
	-covfile xrun_covfile.txt
	-covtest lab01
	-l xrun_gui.log

-------------------------------------
Relinquished control to SimVision...
xcelium> 
xcelium> source /cad/XCELIUM1909/tools/xcelium/files/xmsimrc
xcelium> database -open waves -into waves.shm -default
Created default SHM database waves
xcelium> probe -create -shm top_TB.A_generated top_TB.A_read top_TB.A_read_cg top_TB.B_generated top_TB.B_read top_TB.B_read_cg top_TB.CRC_input top_TB.clk top_TB.data_read_input top_TB.data_read_input_cg top_TB.data_read_input_nxt top_TB.data_to_send top_TB.dummy top_TB.dummy_cg top_TB.gen_function top_TB.loop_iterations_data top_TB.op_code top_TB.predicted_err_flags_cg top_TB.predicted_err_flags_cg_prv top_TB.predicted_flags_cg top_TB.read_crc_input top_TB.read_crc_input_cg top_TB.read_crc_output top_TB.read_data_output top_TB.read_err_flags top_TB.read_flags top_TB.read_iterator_input top_TB.read_iterator_input_cg top_TB.read_iterator_output top_TB.read_number_output top_TB.read_op_code top_TB.read_op_code_cg top_TB.read_op_code_cg_prv top_TB.read_parity_bit top_TB.rst_n top_TB.sin top_TB.sout top_TB.state_deserializer top_TB.state_tester top_TB.transmission_counter top_TB.was_reset
Created probe 1
xcelium> run
DATA OK!!
CLT_OK: predicted_err_flags: 1 read_err_flags: 1, predicted_parity_bit: 1 read_parity_bit: 1
DATA OK!!
DATA OK!!
CLT_OK: predicted_err_flags: 10 read_err_flags: 10, predicted_parity_bit: 1 read_parity_bit: 1
CLT_OK: predicted_err_flags: 10 read_err_flags: 10, predicted_parity_bit: 1 read_parity_bit: 1
CLT_OK: predicted_err_flags: 100 read_err_flags: 100, predicted_parity_bit: 1 read_parity_bit: 1
CLT_OK: predicted_err_flags: 100 read_err_flags: 100, predicted_parity_bit: 1 read_parity_bit: 1
CLT_OK: predicted_err_flags: 100 read_err_flags: 100, predicted_parity_bit: 1 read_parity_bit: 1
CLT_OK: predicted_err_flags: 100 read_err_flags: 100, predicted_parity_bit: 1 read_parity_bit: 1
CLT_OK: predicted_err_flags: 100 read_err_flags: 100, predicted_parity_bit: 1 read_parity_bit: 1
CLT_OK: predicted_err_flags: 100 read_err_flags: 100, predicted_parity_bit: 1 read_parity_bit: 1
CLT_OK: predicted_err_flags: 100 read_err_flags: 100, predicted_parity_bit: 1 read_parity_bit: 1
CLT_OK: predicted_err_flags: 100 read_err_flags: 100, predicted_parity_bit: 1 read_parity_bit: 1
CLT_OK: predicted_err_flags: 100 read_err_flags: 100, predicted_parity_bit: 1 read_parity_bit: 1
DATA OK!!
DATA OK!!
DATA OK!!
DATA OK!!
DATA OK!!
DATA OK!!
CLT_OK: predicted_err_flags: 100 read_err_flags: 100, predicted_parity_bit: 1 read_parity_bit: 1
CLT_OK: predicted_err_flags: 100 read_err_flags: 100, predicted_parity_bit: 1 read_parity_bit: 1
CLT_OK: predicted_err_flags: 100 read_err_flags: 100, predicted_parity_bit: 1 read_parity_bit: 1
CLT_OK: predicted_err_flags: 100 read_err_flags: 100, predicted_parity_bit: 1 read_parity_bit: 1
CLT_OK: predicted_err_flags: 100 read_err_flags: 100, predicted_parity_bit: 1 read_parity_bit: 1
DATA OK!!
DATA OK!!
DATA OK!!
DATA OK!!
DATA OK!!
DATA OK!!
DATA OK!!
DATA OK!!
DATA OK!!
DATA OK!!
DATA OK!!
DATA OK!!
CLT_OK: predicted_err_flags: 1 read_err_flags: 1, predicted_parity_bit: 1 read_parity_bit: 1
CLT_OK: predicted_err_flags: 1 read_err_flags: 1, predicted_parity_bit: 1 read_parity_bit: 1
CLT_OK: predicted_err_flags: 1 read_err_flags: 1, predicted_parity_bit: 1 read_parity_bit: 1
CLT_OK: predicted_err_flags: 1 read_err_flags: 1, predicted_parity_bit: 1 read_parity_bit: 1
CLT_OK: predicted_err_flags: 1 read_err_flags: 1, predicted_parity_bit: 1 read_parity_bit: 1
CLT_OK: predicted_err_flags: 1 read_err_flags: 1, predicted_parity_bit: 1 read_parity_bit: 1
DATA OK!!
DATA OK!!
DATA OK!!
DATA OK!!
DATA OK!!
DATA OK!!
DATA OK!!
DATA OK!!
DATA OK!!
CLT_OK: predicted_err_flags: 100 read_err_flags: 100, predicted_parity_bit: 1 read_parity_bit: 1
CLT_OK: predicted_err_flags: 1 read_err_flags: 1, predicted_parity_bit: 1 read_parity_bit: 1
DATA OK!!
DATA OK!!
CLT_OK: predicted_err_flags: 1 read_err_flags: 1, predicted_parity_bit: 1 read_parity_bit: 1
CLT_OK: predicted_err_flags: 1 read_err_flags: 1, predicted_parity_bit: 1 read_parity_bit: 1
CLT_OK: predicted_err_flags: 1 read_err_flags: 1, predicted_parity_bit: 1 read_parity_bit: 1
DATA OK!!
CLT_OK: predicted_err_flags: 100 read_err_flags: 100, predicted_parity_bit: 1 read_parity_bit: 1
CLT_OK: predicted_err_flags: 100 read_err_flags: 100, predicted_parity_bit: 1 read_parity_bit: 1
DATA OK!!
DATA OK!!
CLT_OK: predicted_err_flags: 10 read_err_flags: 10, predicted_parity_bit: 1 read_parity_bit: 1
CLT_OK: predicted_err_flags: 100 read_err_flags: 100, predicted_parity_bit: 1 read_parity_bit: 1
CLT_OK: predicted_err_flags: 100 read_err_flags: 100, predicted_parity_bit: 1 read_parity_bit: 1
DATA OK!!
CLT_OK: predicted_err_flags: 1 read_err_flags: 1, predicted_parity_bit: 1 read_parity_bit: 1
CLT_OK: predicted_err_flags: 10 read_err_flags: 10, predicted_parity_bit: 1 read_parity_bit: 1
CLT_OK: predicted_err_flags: 10 read_err_flags: 10, predicted_parity_bit: 1 read_parity_bit: 1
CLT_OK: predicted_err_flags: 10 read_err_flags: 10, predicted_parity_bit: 1 read_parity_bit: 1
CLT_OK: predicted_err_flags: 1 read_err_flags: 1, predicted_parity_bit: 1 read_parity_bit: 1
CLT_OK: predicted_err_flags: 10 read_err_flags: 10, predicted_parity_bit: 1 read_parity_bit: 1
DATA OK!!
DATA OK!!
DATA OK!!
CLT_OK: predicted_err_flags: 10 read_err_flags: 10, predicted_parity_bit: 1 read_parity_bit: 1
CLT_OK: predicted_err_flags: 10 read_err_flags: 10, predicted_parity_bit: 1 read_parity_bit: 1
DATA OK!!
CLT_OK: predicted_err_flags: 100 read_err_flags: 100, predicted_parity_bit: 1 read_parity_bit: 1
CLT_OK: predicted_err_flags: 100 read_err_flags: 100, predicted_parity_bit: 1 read_parity_bit: 1
CLT_OK: predicted_err_flags: 10 read_err_flags: 10, predicted_parity_bit: 1 read_parity_bit: 1
CLT_OK: predicted_err_flags: 10 read_err_flags: 10, predicted_parity_bit: 1 read_parity_bit: 1
CLT_OK: predicted_err_flags: 10 read_err_flags: 10, predicted_parity_bit: 1 read_parity_bit: 1
CLT_OK: predicted_err_flags: 10 read_err_flags: 10, predicted_parity_bit: 1 read_parity_bit: 1
DATA OK!!
DATA OK!!
DATA OK!!
DATA OK!!
DATA OK!!
DATA OK!!
DATA OK!!
DATA OK!!
DATA OK!!
DATA OK!!
DATA OK!!
CLT_OK: predicted_err_flags: 1 read_err_flags: 1, predicted_parity_bit: 1 read_parity_bit: 1
CLT_OK: predicted_err_flags: 1 read_err_flags: 1, predicted_parity_bit: 1 read_parity_bit: 1
CLT_OK: predicted_err_flags: 1 read_err_flags: 1, predicted_parity_bit: 1 read_parity_bit: 1
CLT_OK: predicted_err_flags: 1 read_err_flags: 1, predicted_parity_bit: 1 read_parity_bit: 1
CLT_OK: predicted_err_flags: 100 read_err_flags: 100, predicted_parity_bit: 1 read_parity_bit: 1
CLT_OK: predicted_err_flags: 100 read_err_flags: 100, predicted_parity_bit: 1 read_parity_bit: 1
CLT_OK: predicted_err_flags: 100 read_err_flags: 100, predicted_parity_bit: 1 read_parity_bit: 1
CLT_OK: predicted_err_flags: 100 read_err_flags: 100, predicted_parity_bit: 1 read_parity_bit: 1
CLT_OK: predicted_err_flags: 100 read_err_flags: 100, predicted_parity_bit: 1 read_parity_bit: 1
CLT_OK: predicted_err_flags: 100 read_err_flags: 100, predicted_parity_bit: 1 read_parity_bit: 1
DATA OK!!
DATA OK!!
CLT_OK: predicted_err_flags: 100 read_err_flags: 100, predicted_parity_bit: 1 read_parity_bit: 1
CLT_OK: predicted_err_flags: 100 read_err_flags: 100, predicted_parity_bit: 1 read_parity_bit: 1
CLT_OK: predicted_err_flags: 10 read_err_flags: 10, predicted_parity_bit: 1 read_parity_bit: 1
CLT_OK: predicted_err_flags: 10 read_err_flags: 10, predicted_parity_bit: 1 read_parity_bit: 1
CLT_OK: predicted_err_flags: 10 read_err_flags: 10, predicted_parity_bit: 1 read_parity_bit: 1
CLT_OK: predicted_err_flags: 10 read_err_flags: 10, predicted_parity_bit: 1 read_parity_bit: 1
CLT_OK: predicted_err_flags: 10 read_err_flags: 10, predicted_parity_bit: 1 read_parity_bit: 1
CLT_OK: predicted_err_flags: 10 read_err_flags: 10, predicted_parity_bit: 1 read_parity_bit: 1
DATA OK!!
CLT_OK: predicted_err_flags: 1 read_err_flags: 1, predicted_parity_bit: 1 read_parity_bit: 1
DATA OK!!
DATA OK!!
DATA OK!!
DATA OK!!
CLT_OK: predicted_err_flags: 1 read_err_flags: 1, predicted_parity_bit: 1 read_parity_bit: 1
DATA OK!!
DATA OK!!
CLT_OK: predicted_err_flags: 100 read_err_flags: 100, predicted_parity_bit: 1 read_parity_bit: 1
CLT_OK: predicted_err_flags: 100 read_err_flags: 100, predicted_parity_bit: 1 read_parity_bit: 1
CLT_OK: predicted_err_flags: 100 read_err_flags: 100, predicted_parity_bit: 1 read_parity_bit: 1
CLT_OK: predicted_err_flags: 10 read_err_flags: 10, predicted_parity_bit: 1 read_parity_bit: 1
CLT_OK: predicted_err_flags: 10 read_err_flags: 10, predicted_parity_bit: 1 read_parity_bit: 1
CLT_OK: predicted_err_flags: 10 read_err_flags: 10, predicted_parity_bit: 1 read_parity_bit: 1
CLT_OK: predicted_err_flags: 10 read_err_flags: 10, predicted_parity_bit: 1 read_parity_bit: 1
CLT_OK: predicted_err_flags: 1 read_err_flags: 1, predicted_parity_bit: 1 read_parity_bit: 1
CLT_OK: predicted_err_flags: 1 read_err_flags: 1, predicted_parity_bit: 1 read_parity_bit: 1
DATA OK!!
CLT_OK: predicted_err_flags: 1 read_err_flags: 1, predicted_parity_bit: 1 read_parity_bit: 1
CLT_OK: predicted_err_flags: 1 read_err_flags: 1, predicted_parity_bit: 1 read_parity_bit: 1
CLT_OK: predicted_err_flags: 1 read_err_flags: 1, predicted_parity_bit: 1 read_parity_bit: 1
DATA OK!!
DATA OK!!
DATA OK!!
DATA OK!!
DATA OK!!
DATA OK!!
DATA OK!!
DATA OK!!
DATA OK!!
CLT_OK: predicted_err_flags: 1 read_err_flags: 1, predicted_parity_bit: 1 read_parity_bit: 1
CLT_OK: predicted_err_flags: 100 read_err_flags: 100, predicted_parity_bit: 1 read_parity_bit: 1
DATA OK!!
DATA OK!!
DATA OK!!
DATA OK!!
CLT_OK: predicted_err_flags: 100 read_err_flags: 100, predicted_parity_bit: 1 read_parity_bit: 1
DATA OK!!
DATA OK!!
CLT_OK: predicted_err_flags: 100 read_err_flags: 100, predicted_parity_bit: 1 read_parity_bit: 1
CLT_OK: predicted_err_flags: 100 read_err_flags: 100, predicted_parity_bit: 1 read_parity_bit: 1
DATA OK!!
DATA OK!!
DATA OK!!
DATA OK!!
DATA OK!!
DATA OK!!
DATA OK!!
CLT_OK: predicted_err_flags: 10 read_err_flags: 10, predicted_parity_bit: 1 read_parity_bit: 1
CLT_OK: predicted_err_flags: 10 read_err_flags: 10, predicted_parity_bit: 1 read_parity_bit: 1
CLT_OK: predicted_err_flags: 10 read_err_flags: 10, predicted_parity_bit: 1 read_parity_bit: 1
CLT_OK: predicted_err_flags: 10 read_err_flags: 10, predicted_parity_bit: 1 read_parity_bit: 1
CLT_OK: predicted_err_flags: 10 read_err_flags: 10, predicted_parity_bit: 1 read_parity_bit: 1
DATA OK!!
CLT_OK: predicted_err_flags: 1 read_err_flags: 1, predicted_parity_bit: 1 read_parity_bit: 1
CLT_OK: predicted_err_flags: 10 read_err_flags: 10, predicted_parity_bit: 1 read_parity_bit: 1
CLT_OK: predicted_err_flags: 10 read_err_flags: 10, predicted_parity_bit: 1 read_parity_bit: 1
CLT_OK: predicted_err_flags: 10 read_err_flags: 10, predicted_parity_bit: 1 read_parity_bit: 1
CLT_OK: predicted_err_flags: 10 read_err_flags: 10, predicted_parity_bit: 1 read_parity_bit: 1
CLT_OK: predicted_err_flags: 10 read_err_flags: 10, predicted_parity_bit: 1 read_parity_bit: 1
CLT_OK: predicted_err_flags: 1 read_err_flags: 1, predicted_parity_bit: 1 read_parity_bit: 1
CLT_OK: predicted_err_flags: 1 read_err_flags: 1, predicted_parity_bit: 1 read_parity_bit: 1
DATA OK!!
CLT_OK: predicted_err_flags: 1 read_err_flags: 1, predicted_parity_bit: 1 read_parity_bit: 1
DATA OK!!
CLT_OK: predicted_err_flags: 10 read_err_flags: 10, predicted_parity_bit: 1 read_parity_bit: 1
CLT_OK: predicted_err_flags: 10 read_err_flags: 10, predicted_parity_bit: 1 read_parity_bit: 1
CLT_OK: predicted_err_flags: 1 read_err_flags: 1, predicted_parity_bit: 1 read_parity_bit: 1
DATA OK!!
CLT_OK: predicted_err_flags: 100 read_err_flags: 100, predicted_parity_bit: 1 read_parity_bit: 1
CLT_OK: predicted_err_flags: 100 read_err_flags: 100, predicted_parity_bit: 1 read_parity_bit: 1
CLT_OK: predicted_err_flags: 100 read_err_flags: 100, predicted_parity_bit: 1 read_parity_bit: 1
DATA OK!!
DATA OK!!
DATA OK!!
DATA OK!!
DATA OK!!
CLT_OK: predicted_err_flags: 100 read_err_flags: 100, predicted_parity_bit: 1 read_parity_bit: 1
CLT_OK: predicted_err_flags: 100 read_err_flags: 100, predicted_parity_bit: 1 read_parity_bit: 1
CLT_OK: predicted_err_flags: 100 read_err_flags: 100, predicted_parity_bit: 1 read_parity_bit: 1
CLT_OK: predicted_err_flags: 100 read_err_flags: 100, predicted_parity_bit: 1 read_parity_bit: 1
DATA OK!!
DATA OK!!
CLT_OK: predicted_err_flags: 10 read_err_flags: 10, predicted_parity_bit: 1 read_parity_bit: 1
CLT_OK: predicted_err_flags: 10 read_err_flags: 10, predicted_parity_bit: 1 read_parity_bit: 1
CLT_OK: predicted_err_flags: 10 read_err_flags: 10, predicted_parity_bit: 1 read_parity_bit: 1
DATA OK!!
DATA OK!!
DATA OK!!
DATA OK!!
DATA OK!!
DATA OK!!
DATA OK!!
DATA OK!!
DATA OK!!
DATA OK!!
DATA OK!!
CLT_OK: predicted_err_flags: 1 read_err_flags: 1, predicted_parity_bit: 1 read_parity_bit: 1
CLT_OK: predicted_err_flags: 1 read_err_flags: 1, predicted_parity_bit: 1 read_parity_bit: 1
DATA OK!!
DATA OK!!
DATA OK!!
CLT_OK: predicted_err_flags: 1 read_err_flags: 1, predicted_parity_bit: 1 read_parity_bit: 1
CLT_OK: predicted_err_flags: 1 read_err_flags: 1, predicted_parity_bit: 1 read_parity_bit: 1
CLT_OK: predicted_err_flags: 10 read_err_flags: 10, predicted_parity_bit: 1 read_parity_bit: 1
DATA OK!!
DATA OK!!
CLT_OK: predicted_err_flags: 1 read_err_flags: 1, predicted_parity_bit: 1 read_parity_bit: 1
CLT_OK: predicted_err_flags: 1 read_err_flags: 1, predicted_parity_bit: 1 read_parity_bit: 1
CLT_OK: predicted_err_flags: 1 read_err_flags: 1, predicted_parity_bit: 1 read_parity_bit: 1
CLT_OK: predicted_err_flags: 1 read_err_flags: 1, predicted_parity_bit: 1 read_parity_bit: 1
CLT_OK: predicted_err_flags: 1 read_err_flags: 1, predicted_parity_bit: 1 read_parity_bit: 1
DATA OK!!
CLT_OK: predicted_err_flags: 100 read_err_flags: 100, predicted_parity_bit: 1 read_parity_bit: 1
DATA OK!!
DATA OK!!
DATA OK!!
DATA OK!!
CLT_OK: predicted_err_flags: 1 read_err_flags: 1, predicted_parity_bit: 1 read_parity_bit: 1
CLT_OK: predicted_err_flags: 1 read_err_flags: 1, predicted_parity_bit: 1 read_parity_bit: 1
CLT_OK: predicted_err_flags: 1 read_err_flags: 1, predicted_parity_bit: 1 read_parity_bit: 1
CLT_OK: predicted_err_flags: 1 read_err_flags: 1, predicted_parity_bit: 1 read_parity_bit: 1
DATA OK!!
DATA OK!!
DATA OK!!
DATA OK!!
CLT_OK: predicted_err_flags: 1 read_err_flags: 1, predicted_parity_bit: 1 read_parity_bit: 1
DATA OK!!
DATA OK!!
CLT_OK: predicted_err_flags: 100 read_err_flags: 100, predicted_parity_bit: 1 read_parity_bit: 1
DATA OK!!
DATA OK!!
DATA OK!!
DATA OK!!
CLT_OK: predicted_err_flags: 100 read_err_flags: 100, predicted_parity_bit: 1 read_parity_bit: 1
CLT_OK: predicted_err_flags: 100 read_err_flags: 100, predicted_parity_bit: 1 read_parity_bit: 1
CLT_OK: predicted_err_flags: 100 read_err_flags: 100, predicted_parity_bit: 1 read_parity_bit: 1
CLT_OK: predicted_err_flags: 100 read_err_flags: 100, predicted_parity_bit: 1 read_parity_bit: 1
CLT_OK: predicted_err_flags: 10 read_err_flags: 10, predicted_parity_bit: 1 read_parity_bit: 1
CLT_OK: predicted_err_flags: 10 read_err_flags: 10, predicted_parity_bit: 1 read_parity_bit: 1
CLT_OK: predicted_err_flags: 10 read_err_flags: 10, predicted_parity_bit: 1 read_parity_bit: 1
CLT_OK: predicted_err_flags: 10 read_err_flags: 10, predicted_parity_bit: 1 read_parity_bit: 1
CLT_OK: predicted_err_flags: 10 read_err_flags: 10, predicted_parity_bit: 1 read_parity_bit: 1
CLT_OK: predicted_err_flags: 10 read_err_flags: 10, predicted_parity_bit: 1 read_parity_bit: 1
CLT_OK: predicted_err_flags: 10 read_err_flags: 10, predicted_parity_bit: 1 read_parity_bit: 1
CLT_OK: predicted_err_flags: 10 read_err_flags: 10, predicted_parity_bit: 1 read_parity_bit: 1
DATA OK!!
DATA OK!!
DATA OK!!
DATA OK!!
CLT_OK: predicted_err_flags: 100 read_err_flags: 100, predicted_parity_bit: 1 read_parity_bit: 1
CLT_OK: predicted_err_flags: 100 read_err_flags: 100, predicted_parity_bit: 1 read_parity_bit: 1
CLT_OK: predicted_err_flags: 100 read_err_flags: 100, predicted_parity_bit: 1 read_parity_bit: 1
DATA OK!!
DATA OK!!
DATA OK!!
DATA OK!!
DATA OK!!
DATA OK!!
DATA OK!!
DATA OK!!
CLT_OK: predicted_err_flags: 1 read_err_flags: 1, predicted_parity_bit: 1 read_parity_bit: 1
DATA OK!!
DATA OK!!
DATA OK!!
CLT_OK: predicted_err_flags: 10 read_err_flags: 10, predicted_parity_bit: 1 read_parity_bit: 1
CLT_OK: predicted_err_flags: 10 read_err_flags: 10, predicted_parity_bit: 1 read_parity_bit: 1
CLT_OK: predicted_err_flags: 1 read_err_flags: 1, predicted_parity_bit: 1 read_parity_bit: 1
CLT_OK: predicted_err_flags: 1 read_err_flags: 1, predicted_parity_bit: 1 read_parity_bit: 1
CLT_OK: predicted_err_flags: 1 read_err_flags: 1, predicted_parity_bit: 1 read_parity_bit: 1
CLT_OK: predicted_err_flags: 10 read_err_flags: 10, predicted_parity_bit: 1 read_parity_bit: 1
CLT_OK: predicted_err_flags: 10 read_err_flags: 10, predicted_parity_bit: 1 read_parity_bit: 1
CLT_OK: predicted_err_flags: 100 read_err_flags: 100, predicted_parity_bit: 1 read_parity_bit: 1
CLT_OK: predicted_err_flags: 100 read_err_flags: 100, predicted_parity_bit: 1 read_parity_bit: 1
DATA OK!!
CLT_OK: predicted_err_flags: 1 read_err_flags: 1, predicted_parity_bit: 1 read_parity_bit: 1
CLT_OK: predicted_err_flags: 1 read_err_flags: 1, predicted_parity_bit: 1 read_parity_bit: 1
DATA OK!!
DATA OK!!
DATA OK!!
DATA OK!!
DATA OK!!
DATA OK!!
DATA OK!!
DATA OK!!
DATA OK!!
CLT_OK: predicted_err_flags: 10 read_err_flags: 10, predicted_parity_bit: 1 read_parity_bit: 1
CLT_OK: predicted_err_flags: 10 read_err_flags: 10, predicted_parity_bit: 1 read_parity_bit: 1
CLT_OK: predicted_err_flags: 10 read_err_flags: 10, predicted_parity_bit: 1 read_parity_bit: 1
CLT_OK: predicted_err_flags: 10 read_err_flags: 10, predicted_parity_bit: 1 read_parity_bit: 1
CLT_OK: predicted_err_flags: 10 read_err_flags: 10, predicted_parity_bit: 1 read_parity_bit: 1
CLT_OK: predicted_err_flags: 10 read_err_flags: 10, predicted_parity_bit: 1 read_parity_bit: 1
CLT_OK: predicted_err_flags: 10 read_err_flags: 10, predicted_parity_bit: 1 read_parity_bit: 1
CLT_OK: predicted_err_flags: 1 read_err_flags: 1, predicted_parity_bit: 1 read_parity_bit: 1
CLT_OK: predicted_err_flags: 1 read_err_flags: 1, predicted_parity_bit: 1 read_parity_bit: 1
DATA OK!!
DATA OK!!
DATA OK!!
DATA OK!!
DATA OK!!
CLT_OK: predicted_err_flags: 10 read_err_flags: 10, predicted_parity_bit: 1 read_parity_bit: 1
DATA OK!!
DATA OK!!
DATA OK!!
DATA OK!!
CLT_OK: predicted_err_flags: 10 read_err_flags: 10, predicted_parity_bit: 1 read_parity_bit: 1
CLT_OK: predicted_err_flags: 10 read_err_flags: 10, predicted_parity_bit: 1 read_parity_bit: 1
CLT_OK: predicted_err_flags: 10 read_err_flags: 10, predicted_parity_bit: 1 read_parity_bit: 1
DATA OK!!
DATA OK!!
DATA OK!!
CLT_OK: predicted_err_flags: 100 read_err_flags: 100, predicted_parity_bit: 1 read_parity_bit: 1
DATA OK!!
CLT_OK: predicted_err_flags: 100 read_err_flags: 100, predicted_parity_bit: 1 read_parity_bit: 1
CLT_OK: predicted_err_flags: 100 read_err_flags: 100, predicted_parity_bit: 1 read_parity_bit: 1
CLT_OK: predicted_err_flags: 100 read_err_flags: 100, predicted_parity_bit: 1 read_parity_bit: 1
CLT_OK: predicted_err_flags: 10 read_err_flags: 10, predicted_parity_bit: 1 read_parity_bit: 1
CLT_OK: predicted_err_flags: 10 read_err_flags: 10, predicted_parity_bit: 1 read_parity_bit: 1
CLT_OK: predicted_err_flags: 10 read_err_flags: 10, predicted_parity_bit: 1 read_parity_bit: 1
CLT_OK: predicted_err_flags: 10 read_err_flags: 10, predicted_parity_bit: 1 read_parity_bit: 1
DATA OK!!
DATA OK!!
DATA OK!!
DATA OK!!
DATA OK!!
CLT_OK: predicted_err_flags: 1 read_err_flags: 1, predicted_parity_bit: 1 read_parity_bit: 1
DATA OK!!
DATA OK!!
DATA OK!!
CLT_OK: predicted_err_flags: 10 read_err_flags: 10, predicted_parity_bit: 1 read_parity_bit: 1
DATA OK!!
DATA OK!!
DATA OK!!
DATA OK!!
DATA OK!!
DATA OK!!
CLT_OK: predicted_err_flags: 1 read_err_flags: 1, predicted_parity_bit: 1 read_parity_bit: 1
DATA OK!!
DATA OK!!
DATA OK!!
DATA OK!!
DATA OK!!
DATA OK!!
CLT_OK: predicted_err_flags: 10 read_err_flags: 10, predicted_parity_bit: 1 read_parity_bit: 1
CLT_OK: predicted_err_flags: 10 read_err_flags: 10, predicted_parity_bit: 1 read_parity_bit: 1
CLT_OK: predicted_err_flags: 100 read_err_flags: 100, predicted_parity_bit: 1 read_parity_bit: 1
DATA OK!!
DATA OK!!
DATA OK!!
DATA OK!!
DATA OK!!
CLT_OK: predicted_err_flags: 1 read_err_flags: 1, predicted_parity_bit: 1 read_parity_bit: 1
CLT_OK: predicted_err_flags: 1 read_err_flags: 1, predicted_parity_bit: 1 read_parity_bit: 1
DATA OK!!
DATA OK!!
DATA OK!!
DATA OK!!
CLT_OK: predicted_err_flags: 10 read_err_flags: 10, predicted_parity_bit: 1 read_parity_bit: 1
CLT_OK: predicted_err_flags: 1 read_err_flags: 1, predicted_parity_bit: 1 read_parity_bit: 1
CLT_OK: predicted_err_flags: 1 read_err_flags: 1, predicted_parity_bit: 1 read_parity_bit: 1
DATA OK!!
DATA OK!!
CLT_OK: predicted_err_flags: 10 read_err_flags: 10, predicted_parity_bit: 1 read_parity_bit: 1
CLT_OK: predicted_err_flags: 10 read_err_flags: 10, predicted_parity_bit: 1 read_parity_bit: 1
DATA OK!!
DATA OK!!
DATA OK!!
CLT_OK: predicted_err_flags: 10 read_err_flags: 10, predicted_parity_bit: 1 read_parity_bit: 1
CLT_OK: predicted_err_flags: 10 read_err_flags: 10, predicted_parity_bit: 1 read_parity_bit: 1
CLT_OK: predicted_err_flags: 10 read_err_flags: 10, predicted_parity_bit: 1 read_parity_bit: 1
DATA OK!!
DATA OK!!
CLT_OK: predicted_err_flags: 10 read_err_flags: 10, predicted_parity_bit: 1 read_parity_bit: 1
CLT_OK: predicted_err_flags: 10 read_err_flags: 10, predicted_parity_bit: 1 read_parity_bit: 1
CLT_OK: predicted_err_flags: 100 read_err_flags: 100, predicted_parity_bit: 1 read_parity_bit: 1
DATA OK!!
DATA OK!!
CLT_OK: predicted_err_flags: 100 read_err_flags: 100, predicted_parity_bit: 1 read_parity_bit: 1
DATA OK!!
DATA OK!!
DATA OK!!
DATA OK!!
DATA OK!!
CLT_OK: predicted_err_flags: 1 read_err_flags: 1, predicted_parity_bit: 1 read_parity_bit: 1
CLT_OK: predicted_err_flags: 1 read_err_flags: 1, predicted_parity_bit: 1 read_parity_bit: 1
CLT_OK: predicted_err_flags: 1 read_err_flags: 1, predicted_parity_bit: 1 read_parity_bit: 1
CLT_OK: predicted_err_flags: 1 read_err_flags: 1, predicted_parity_bit: 1 read_parity_bit: 1
CLT_OK: predicted_err_flags: 10 read_err_flags: 10, predicted_parity_bit: 1 read_parity_bit: 1
CLT_OK: predicted_err_flags: 10 read_err_flags: 10, predicted_parity_bit: 1 read_parity_bit: 1
CLT_OK: predicted_err_flags: 10 read_err_flags: 10, predicted_parity_bit: 1 read_parity_bit: 1
CLT_OK: predicted_err_flags: 10 read_err_flags: 10, predicted_parity_bit: 1 read_parity_bit: 1
DATA OK!!
DATA OK!!
DATA OK!!
DATA OK!!
DATA OK!!
DATA OK!!
CLT_OK: predicted_err_flags: 1 read_err_flags: 1, predicted_parity_bit: 1 read_parity_bit: 1
DATA OK!!
DATA OK!!
DATA OK!!
CLT_OK: predicted_err_flags: 100 read_err_flags: 100, predicted_parity_bit: 1 read_parity_bit: 1
DATA OK!!
DATA OK!!
DATA OK!!
DATA OK!!
DATA OK!!
DATA OK!!
DATA OK!!
DATA OK!!
DATA OK!!
DATA OK!!
CLT_OK: predicted_err_flags: 1 read_err_flags: 1, predicted_parity_bit: 1 read_parity_bit: 1
CLT_OK: predicted_err_flags: 1 read_err_flags: 1, predicted_parity_bit: 1 read_parity_bit: 1
CLT_OK: predicted_err_flags: 1 read_err_flags: 1, predicted_parity_bit: 1 read_parity_bit: 1
CLT_OK: predicted_err_flags: 10 read_err_flags: 10, predicted_parity_bit: 1 read_parity_bit: 1
DATA OK!!
DATA OK!!
CLT_OK: predicted_err_flags: 10 read_err_flags: 10, predicted_parity_bit: 1 read_parity_bit: 1
DATA OK!!
DATA OK!!
DATA OK!!
DATA OK!!
CLT_OK: predicted_err_flags: 100 read_err_flags: 100, predicted_parity_bit: 1 read_parity_bit: 1
CLT_OK: predicted_err_flags: 100 read_err_flags: 100, predicted_parity_bit: 1 read_parity_bit: 1
CLT_OK: predicted_err_flags: 100 read_err_flags: 100, predicted_parity_bit: 1 read_parity_bit: 1
CLT_OK: predicted_err_flags: 10 read_err_flags: 10, predicted_parity_bit: 1 read_parity_bit: 1
CLT_OK: predicted_err_flags: 10 read_err_flags: 10, predicted_parity_bit: 1 read_parity_bit: 1
CLT_OK: predicted_err_flags: 1 read_err_flags: 1, predicted_parity_bit: 1 read_parity_bit: 1
CLT_OK: predicted_err_flags: 1 read_err_flags: 1, predicted_parity_bit: 1 read_parity_bit: 1
CLT_OK: predicted_err_flags: 10 read_err_flags: 10, predicted_parity_bit: 1 read_parity_bit: 1
DATA OK!!
CLT_OK: predicted_err_flags: 1 read_err_flags: 1, predicted_parity_bit: 1 read_parity_bit: 1
CLT_OK: predicted_err_flags: 100 read_err_flags: 100, predicted_parity_bit: 1 read_parity_bit: 1
DATA OK!!
DATA OK!!
DATA OK!!
DATA OK!!
CLT_OK: predicted_err_flags: 10 read_err_flags: 10, predicted_parity_bit: 1 read_parity_bit: 1
CLT_OK: predicted_err_flags: 10 read_err_flags: 10, predicted_parity_bit: 1 read_parity_bit: 1
DATA OK!!
DATA OK!!
DATA OK!!
DATA OK!!
DATA OK!!
CLT_OK: predicted_err_flags: 10 read_err_flags: 10, predicted_parity_bit: 1 read_parity_bit: 1
CLT_OK: predicted_err_flags: 100 read_err_flags: 100, predicted_parity_bit: 1 read_parity_bit: 1
DATA OK!!
CLT_OK: predicted_err_flags: 1 read_err_flags: 1, predicted_parity_bit: 1 read_parity_bit: 1
CLT_OK: predicted_err_flags: 1 read_err_flags: 1, predicted_parity_bit: 1 read_parity_bit: 1
DATA OK!!
DATA OK!!
DATA OK!!
DATA OK!!
CLT_OK: predicted_err_flags: 10 read_err_flags: 10, predicted_parity_bit: 1 read_parity_bit: 1
CLT_OK: predicted_err_flags: 10 read_err_flags: 10, predicted_parity_bit: 1 read_parity_bit: 1
CLT_OK: predicted_err_flags: 1 read_err_flags: 1, predicted_parity_bit: 1 read_parity_bit: 1
DATA OK!!
DATA OK!!
DATA OK!!
DATA OK!!
CLT_OK: predicted_err_flags: 100 read_err_flags: 100, predicted_parity_bit: 1 read_parity_bit: 1
CLT_OK: predicted_err_flags: 100 read_err_flags: 100, predicted_parity_bit: 1 read_parity_bit: 1
DATA OK!!
DATA OK!!
DATA OK!!
CLT_OK: predicted_err_flags: 100 read_err_flags: 100, predicted_parity_bit: 1 read_parity_bit: 1
DATA OK!!
DATA OK!!
DATA OK!!
CLT_OK: predicted_err_flags: 10 read_err_flags: 10, predicted_parity_bit: 1 read_parity_bit: 1
CLT_OK: predicted_err_flags: 10 read_err_flags: 10, predicted_parity_bit: 1 read_parity_bit: 1
CLT_OK: predicted_err_flags: 10 read_err_flags: 10, predicted_parity_bit: 1 read_parity_bit: 1
CLT_OK: predicted_err_flags: 10 read_err_flags: 10, predicted_parity_bit: 1 read_parity_bit: 1
CLT_OK: predicted_err_flags: 1 read_err_flags: 1, predicted_parity_bit: 1 read_parity_bit: 1
CLT_OK: predicted_err_flags: 1 read_err_flags: 1, predicted_parity_bit: 1 read_parity_bit: 1
CLT_OK: predicted_err_flags: 1 read_err_flags: 1, predicted_parity_bit: 1 read_parity_bit: 1
CLT_OK: predicted_err_flags: 1 read_err_flags: 1, predicted_parity_bit: 1 read_parity_bit: 1
CLT_OK: predicted_err_flags: 1 read_err_flags: 1, predicted_parity_bit: 1 read_parity_bit: 1
CLT_OK: predicted_err_flags: 1 read_err_flags: 1, predicted_parity_bit: 1 read_parity_bit: 1
DATA OK!!
CLT_OK: predicted_err_flags: 1 read_err_flags: 1, predicted_parity_bit: 1 read_parity_bit: 1
CLT_OK: predicted_err_flags: 1 read_err_flags: 1, predicted_parity_bit: 1 read_parity_bit: 1
CLT_OK: predicted_err_flags: 1 read_err_flags: 1, predicted_parity_bit: 1 read_parity_bit: 1
CLT_OK: predicted_err_flags: 1 read_err_flags: 1, predicted_parity_bit: 1 read_parity_bit: 1
CLT_OK: predicted_err_flags: 1 read_err_flags: 1, predicted_parity_bit: 1 read_parity_bit: 1
CLT_OK: predicted_err_flags: 1 read_err_flags: 1, predicted_parity_bit: 1 read_parity_bit: 1
CLT_OK: predicted_err_flags: 10 read_err_flags: 10, predicted_parity_bit: 1 read_parity_bit: 1
DATA OK!!
DATA OK!!
CLT_OK: predicted_err_flags: 100 read_err_flags: 100, predicted_parity_bit: 1 read_parity_bit: 1
DATA OK!!
DATA OK!!
CLT_OK: predicted_err_flags: 100 read_err_flags: 100, predicted_parity_bit: 1 read_parity_bit: 1
CLT_OK: predicted_err_flags: 100 read_err_flags: 100, predicted_parity_bit: 1 read_parity_bit: 1
DATA OK!!
DATA OK!!
DATA OK!!
CLT_OK: predicted_err_flags: 10 read_err_flags: 10, predicted_parity_bit: 1 read_parity_bit: 1
CLT_OK: predicted_err_flags: 1 read_err_flags: 1, predicted_parity_bit: 1 read_parity_bit: 1
CLT_OK: predicted_err_flags: 1 read_err_flags: 1, predicted_parity_bit: 1 read_parity_bit: 1
CLT_OK: predicted_err_flags: 1 read_err_flags: 1, predicted_parity_bit: 1 read_parity_bit: 1
CLT_OK: predicted_err_flags: 10 read_err_flags: 10, predicted_parity_bit: 1 read_parity_bit: 1
CLT_OK: predicted_err_flags: 1 read_err_flags: 1, predicted_parity_bit: 1 read_parity_bit: 1
CLT_OK: predicted_err_flags: 1 read_err_flags: 1, predicted_parity_bit: 1 read_parity_bit: 1
CLT_OK: predicted_err_flags: 1 read_err_flags: 1, predicted_parity_bit: 1 read_parity_bit: 1
CLT_OK: predicted_err_flags: 1 read_err_flags: 1, predicted_parity_bit: 1 read_parity_bit: 1
CLT_OK: predicted_err_flags: 1 read_err_flags: 1, predicted_parity_bit: 1 read_parity_bit: 1
CLT_OK: predicted_err_flags: 1 read_err_flags: 1, predicted_parity_bit: 1 read_parity_bit: 1
CLT_OK: predicted_err_flags: 1 read_err_flags: 1, predicted_parity_bit: 1 read_parity_bit: 1
CLT_OK: predicted_err_flags: 1 read_err_flags: 1, predicted_parity_bit: 1 read_parity_bit: 1
CLT_OK: predicted_err_flags: 1 read_err_flags: 1, predicted_parity_bit: 1 read_parity_bit: 1
CLT_OK: predicted_err_flags: 1 read_err_flags: 1, predicted_parity_bit: 1 read_parity_bit: 1
CLT_OK: predicted_err_flags: 1 read_err_flags: 1, predicted_parity_bit: 1 read_parity_bit: 1
CLT_OK: predicted_err_flags: 100 read_err_flags: 100, predicted_parity_bit: 1 read_parity_bit: 1
DATA OK!!
DATA OK!!
DATA OK!!
CLT_OK: predicted_err_flags: 1 read_err_flags: 1, predicted_parity_bit: 1 read_parity_bit: 1
DATA OK!!
DATA OK!!
DATA OK!!
CLT_OK: predicted_err_flags: 1 read_err_flags: 1, predicted_parity_bit: 1 read_parity_bit: 1
DATA OK!!
DATA OK!!
DATA OK!!
CLT_OK: predicted_err_flags: 10 read_err_flags: 10, predicted_parity_bit: 1 read_parity_bit: 1
CLT_OK: predicted_err_flags: 10 read_err_flags: 10, predicted_parity_bit: 1 read_parity_bit: 1
CLT_OK: predicted_err_flags: 1 read_err_flags: 1, predicted_parity_bit: 1 read_parity_bit: 1
DATA OK!!
DATA OK!!
DATA OK!!
DATA OK!!
CLT_OK: predicted_err_flags: 10 read_err_flags: 10, predicted_parity_bit: 1 read_parity_bit: 1
CLT_OK: predicted_err_flags: 1 read_err_flags: 1, predicted_parity_bit: 1 read_parity_bit: 1
CLT_OK: predicted_err_flags: 1 read_err_flags: 1, predicted_parity_bit: 1 read_parity_bit: 1
CLT_OK: predicted_err_flags: 1 read_err_flags: 1, predicted_parity_bit: 1 read_parity_bit: 1
CLT_OK: predicted_err_flags: 1 read_err_flags: 1, predicted_parity_bit: 1 read_parity_bit: 1
DATA OK!!
DATA OK!!
DATA OK!!
CLT_OK: predicted_err_flags: 10 read_err_flags: 10, predicted_parity_bit: 1 read_parity_bit: 1
CLT_OK: predicted_err_flags: 10 read_err_flags: 10, predicted_parity_bit: 1 read_parity_bit: 1
CLT_OK: predicted_err_flags: 10 read_err_flags: 10, predicted_parity_bit: 1 read_parity_bit: 1
DATA OK!!
DATA OK!!
DATA OK!!
DATA OK!!
DATA OK!!
DATA OK!!
CLT_OK: predicted_err_flags: 100 read_err_flags: 100, predicted_parity_bit: 1 read_parity_bit: 1
DATA OK!!
DATA OK!!
CLT_OK: predicted_err_flags: 10 read_err_flags: 10, predicted_parity_bit: 1 read_parity_bit: 1
CLT_OK: predicted_err_flags: 100 read_err_flags: 100, predicted_parity_bit: 1 read_parity_bit: 1
CLT_OK: predicted_err_flags: 1 read_err_flags: 1, predicted_parity_bit: 1 read_parity_bit: 1
DATA OK!!
DATA OK!!
DATA OK!!
DATA OK!!
CLT_OK: predicted_err_flags: 10 read_err_flags: 10, predicted_parity_bit: 1 read_parity_bit: 1
DATA OK!!
DATA OK!!
DATA OK!!
CLT_OK: predicted_err_flags: 100 read_err_flags: 100, predicted_parity_bit: 1 read_parity_bit: 1
CLT_OK: predicted_err_flags: 100 read_err_flags: 100, predicted_parity_bit: 1 read_parity_bit: 1
CLT_OK: predicted_err_flags: 100 read_err_flags: 100, predicted_parity_bit: 1 read_parity_bit: 1
CLT_OK: predicted_err_flags: 100 read_err_flags: 100, predicted_parity_bit: 1 read_parity_bit: 1
CLT_OK: predicted_err_flags: 100 read_err_flags: 100, predicted_parity_bit: 1 read_parity_bit: 1
DATA OK!!
DATA OK!!
DATA OK!!
CLT_OK: predicted_err_flags: 1 read_err_flags: 1, predicted_parity_bit: 1 read_parity_bit: 1
CLT_OK: predicted_err_flags: 100 read_err_flags: 100, predicted_parity_bit: 1 read_parity_bit: 1
CLT_OK: predicted_err_flags: 10 read_err_flags: 10, predicted_parity_bit: 1 read_parity_bit: 1
DATA OK!!
DATA OK!!
DATA OK!!
CLT_OK: predicted_err_flags: 100 read_err_flags: 100, predicted_parity_bit: 1 read_parity_bit: 1
CLT_OK: predicted_err_flags: 10 read_err_flags: 10, predicted_parity_bit: 1 read_parity_bit: 1
CLT_OK: predicted_err_flags: 10 read_err_flags: 10, predicted_parity_bit: 1 read_parity_bit: 1
CLT_OK: predicted_err_flags: 10 read_err_flags: 10, predicted_parity_bit: 1 read_parity_bit: 1
CLT_OK: predicted_err_flags: 10 read_err_flags: 10, predicted_parity_bit: 1 read_parity_bit: 1
DATA OK!!
DATA OK!!
DATA OK!!
DATA OK!!
DATA OK!!
DATA OK!!
CLT_OK: predicted_err_flags: 10 read_err_flags: 10, predicted_parity_bit: 1 read_parity_bit: 1
DATA OK!!
DATA OK!!
CLT_OK: predicted_err_flags: 10 read_err_flags: 10, predicted_parity_bit: 1 read_parity_bit: 1
CLT_OK: predicted_err_flags: 10 read_err_flags: 10, predicted_parity_bit: 1 read_parity_bit: 1
CLT_OK: predicted_err_flags: 100 read_err_flags: 100, predicted_parity_bit: 1 read_parity_bit: 1
CLT_OK: predicted_err_flags: 100 read_err_flags: 100, predicted_parity_bit: 1 read_parity_bit: 1
CLT_OK: predicted_err_flags: 100 read_err_flags: 100, predicted_parity_bit: 1 read_parity_bit: 1
CLT_OK: predicted_err_flags: 100 read_err_flags: 100, predicted_parity_bit: 1 read_parity_bit: 1
DATA OK!!
CLT_OK: predicted_err_flags: 10 read_err_flags: 10, predicted_parity_bit: 1 read_parity_bit: 1
CLT_OK: predicted_err_flags: 10 read_err_flags: 10, predicted_parity_bit: 1 read_parity_bit: 1
CLT_OK: predicted_err_flags: 10 read_err_flags: 10, predicted_parity_bit: 1 read_parity_bit: 1
CLT_OK: predicted_err_flags: 10 read_err_flags: 10, predicted_parity_bit: 1 read_parity_bit: 1
CLT_OK: predicted_err_flags: 10 read_err_flags: 10, predicted_parity_bit: 1 read_parity_bit: 1
CLT_OK: predicted_err_flags: 10 read_err_flags: 10, predicted_parity_bit: 1 read_parity_bit: 1
CLT_OK: predicted_err_flags: 10 read_err_flags: 10, predicted_parity_bit: 1 read_parity_bit: 1
CLT_OK: predicted_err_flags: 10 read_err_flags: 10, predicted_parity_bit: 1 read_parity_bit: 1
CLT_OK: predicted_err_flags: 10 read_err_flags: 10, predicted_parity_bit: 1 read_parity_bit: 1
CLT_OK: predicted_err_flags: 10 read_err_flags: 10, predicted_parity_bit: 1 read_parity_bit: 1
CLT_OK: predicted_err_flags: 10 read_err_flags: 10, predicted_parity_bit: 1 read_parity_bit: 1
CLT_OK: predicted_err_flags: 1 read_err_flags: 1, predicted_parity_bit: 1 read_parity_bit: 1
CLT_OK: predicted_err_flags: 1 read_err_flags: 1, predicted_parity_bit: 1 read_parity_bit: 1
CLT_OK: predicted_err_flags: 1 read_err_flags: 1, predicted_parity_bit: 1 read_parity_bit: 1
DATA OK!!
DATA OK!!
CLT_OK: predicted_err_flags: 100 read_err_flags: 100, predicted_parity_bit: 1 read_parity_bit: 1
DATA OK!!
CLT_OK: predicted_err_flags: 100 read_err_flags: 100, predicted_parity_bit: 1 read_parity_bit: 1
DATA OK!!
CLT_OK: predicted_err_flags: 1 read_err_flags: 1, predicted_parity_bit: 1 read_parity_bit: 1
CLT_OK: predicted_err_flags: 1 read_err_flags: 1, predicted_parity_bit: 1 read_parity_bit: 1
CLT_OK: predicted_err_flags: 10 read_err_flags: 10, predicted_parity_bit: 1 read_parity_bit: 1
CLT_OK: predicted_err_flags: 10 read_err_flags: 10, predicted_parity_bit: 1 read_parity_bit: 1
DATA OK!!
DATA OK!!
DATA OK!!
DATA OK!!
DATA OK!!
DATA OK!!
CLT_OK: predicted_err_flags: 10 read_err_flags: 10, predicted_parity_bit: 1 read_parity_bit: 1
CLT_OK: predicted_err_flags: 10 read_err_flags: 10, predicted_parity_bit: 1 read_parity_bit: 1
CLT_OK: predicted_err_flags: 10 read_err_flags: 10, predicted_parity_bit: 1 read_parity_bit: 1
CLT_OK: predicted_err_flags: 100 read_err_flags: 100, predicted_parity_bit: 1 read_parity_bit: 1
CLT_OK: predicted_err_flags: 100 read_err_flags: 100, predicted_parity_bit: 1 read_parity_bit: 1
DATA OK!!
DATA OK!!
DATA OK!!
DATA OK!!
DATA OK!!
DATA OK!!
CLT_OK: predicted_err_flags: 100 read_err_flags: 100, predicted_parity_bit: 1 read_parity_bit: 1
CLT_OK: predicted_err_flags: 100 read_err_flags: 100, predicted_parity_bit: 1 read_parity_bit: 1
DATA OK!!
DATA OK!!
DATA OK!!
DATA OK!!
DATA OK!!
DATA OK!!
DATA OK!!
CLT_OK: predicted_err_flags: 10 read_err_flags: 10, predicted_parity_bit: 1 read_parity_bit: 1
CLT_OK: predicted_err_flags: 10 read_err_flags: 10, predicted_parity_bit: 1 read_parity_bit: 1
CLT_OK: predicted_err_flags: 10 read_err_flags: 10, predicted_parity_bit: 1 read_parity_bit: 1
CLT_OK: predicted_err_flags: 10 read_err_flags: 10, predicted_parity_bit: 1 read_parity_bit: 1
CLT_OK: predicted_err_flags: 10 read_err_flags: 10, predicted_parity_bit: 1 read_parity_bit: 1
CLT_OK: predicted_err_flags: 10 read_err_flags: 10, predicted_parity_bit: 1 read_parity_bit: 1
CLT_OK: predicted_err_flags: 1 read_err_flags: 1, predicted_parity_bit: 1 read_parity_bit: 1
CLT_OK: predicted_err_flags: 1 read_err_flags: 1, predicted_parity_bit: 1 read_parity_bit: 1
CLT_OK: predicted_err_flags: 100 read_err_flags: 100, predicted_parity_bit: 1 read_parity_bit: 1
CLT_OK: predicted_err_flags: 100 read_err_flags: 100, predicted_parity_bit: 1 read_parity_bit: 1
CLT_OK: predicted_err_flags: 100 read_err_flags: 100, predicted_parity_bit: 1 read_parity_bit: 1
CLT_OK: predicted_err_flags: 100 read_err_flags: 100, predicted_parity_bit: 1 read_parity_bit: 1
CLT_OK: predicted_err_flags: 100 read_err_flags: 100, predicted_parity_bit: 1 read_parity_bit: 1
DATA OK!!
DATA OK!!
DATA OK!!
DATA OK!!
CLT_OK: predicted_err_flags: 10 read_err_flags: 10, predicted_parity_bit: 1 read_parity_bit: 1
CLT_OK: predicted_err_flags: 100 read_err_flags: 100, predicted_parity_bit: 1 read_parity_bit: 1
CLT_OK: predicted_err_flags: 1 read_err_flags: 1, predicted_parity_bit: 1 read_parity_bit: 1
CLT_OK: predicted_err_flags: 1 read_err_flags: 1, predicted_parity_bit: 1 read_parity_bit: 1
CLT_OK: predicted_err_flags: 10 read_err_flags: 10, predicted_parity_bit: 1 read_parity_bit: 1
DATA OK!!
DATA OK!!
DATA OK!!
DATA OK!!
DATA OK!!
DATA OK!!
DATA OK!!
DATA OK!!
DATA OK!!
DATA OK!!
CLT_OK: predicted_err_flags: 1 read_err_flags: 1, predicted_parity_bit: 1 read_parity_bit: 1
DATA OK!!
DATA OK!!
CLT_OK: predicted_err_flags: 100 read_err_flags: 100, predicted_parity_bit: 1 read_parity_bit: 1
DATA OK!!
DATA OK!!
DATA OK!!
DATA OK!!
CLT_OK: predicted_err_flags: 100 read_err_flags: 100, predicted_parity_bit: 1 read_parity_bit: 1
CLT_OK: predicted_err_flags: 1 read_err_flags: 1, predicted_parity_bit: 1 read_parity_bit: 1
CLT_OK: predicted_err_flags: 1 read_err_flags: 1, predicted_parity_bit: 1 read_parity_bit: 1
CLT_OK: predicted_err_flags: 1 read_err_flags: 1, predicted_parity_bit: 1 read_parity_bit: 1
CLT_OK: predicted_err_flags: 10 read_err_flags: 10, predicted_parity_bit: 1 read_parity_bit: 1
CLT_OK: predicted_err_flags: 10 read_err_flags: 10, predicted_parity_bit: 1 read_parity_bit: 1
DATA OK!!
DATA OK!!
DATA OK!!
DATA OK!!
DATA OK!!
DATA OK!!
DATA OK!!
DATA OK!!
DATA OK!!
DATA OK!!
DATA OK!!
DATA OK!!
DATA OK!!
DATA OK!!
DATA OK!!
DATA OK!!
CLT_OK: predicted_err_flags: 10 read_err_flags: 10, predicted_parity_bit: 1 read_parity_bit: 1
CLT_OK: predicted_err_flags: 10 read_err_flags: 10, predicted_parity_bit: 1 read_parity_bit: 1
DATA OK!!
CLT_OK: predicted_err_flags: 1 read_err_flags: 1, predicted_parity_bit: 1 read_parity_bit: 1
CLT_OK: predicted_err_flags: 1 read_err_flags: 1, predicted_parity_bit: 1 read_parity_bit: 1
DATA OK!!
DATA OK!!
CLT_OK: predicted_err_flags: 1 read_err_flags: 1, predicted_parity_bit: 1 read_parity_bit: 1
CLT_OK: predicted_err_flags: 100 read_err_flags: 100, predicted_parity_bit: 1 read_parity_bit: 1
CLT_OK: predicted_err_flags: 100 read_err_flags: 100, predicted_parity_bit: 1 read_parity_bit: 1
CLT_OK: predicted_err_flags: 100 read_err_flags: 100, predicted_parity_bit: 1 read_parity_bit: 1
CLT_OK: predicted_err_flags: 100 read_err_flags: 100, predicted_parity_bit: 1 read_parity_bit: 1
CLT_OK: predicted_err_flags: 100 read_err_flags: 100, predicted_parity_bit: 1 read_parity_bit: 1
CLT_OK: predicted_err_flags: 10 read_err_flags: 10, predicted_parity_bit: 1 read_parity_bit: 1
CLT_OK: predicted_err_flags: 1 read_err_flags: 1, predicted_parity_bit: 1 read_parity_bit: 1
CLT_OK: predicted_err_flags: 1 read_err_flags: 1, predicted_parity_bit: 1 read_parity_bit: 1
CLT_OK: predicted_err_flags: 100 read_err_flags: 100, predicted_parity_bit: 1 read_parity_bit: 1
CLT_OK: predicted_err_flags: 100 read_err_flags: 100, predicted_parity_bit: 1 read_parity_bit: 1
DATA OK!!
DATA OK!!
DATA OK!!
DATA OK!!
DATA OK!!
CLT_OK: predicted_err_flags: 100 read_err_flags: 100, predicted_parity_bit: 1 read_parity_bit: 1
CLT_OK: predicted_err_flags: 1 read_err_flags: 1, predicted_parity_bit: 1 read_parity_bit: 1
DATA OK!!
DATA OK!!
DATA OK!!
DATA OK!!
CLT_OK: predicted_err_flags: 100 read_err_flags: 100, predicted_parity_bit: 1 read_parity_bit: 1
CLT_OK: predicted_err_flags: 100 read_err_flags: 100, predicted_parity_bit: 1 read_parity_bit: 1
CLT_OK: predicted_err_flags: 100 read_err_flags: 100, predicted_parity_bit: 1 read_parity_bit: 1
CLT_OK: predicted_err_flags: 100 read_err_flags: 100, predicted_parity_bit: 1 read_parity_bit: 1
CLT_OK: predicted_err_flags: 100 read_err_flags: 100, predicted_parity_bit: 1 read_parity_bit: 1
CLT_OK: predicted_err_flags: 100 read_err_flags: 100, predicted_parity_bit: 1 read_parity_bit: 1
CLT_OK: predicted_err_flags: 100 read_err_flags: 100, predicted_parity_bit: 1 read_parity_bit: 1
DATA OK!!
DATA OK!!
CLT_OK: predicted_err_flags: 10 read_err_flags: 10, predicted_parity_bit: 1 read_parity_bit: 1
CLT_OK: predicted_err_flags: 10 read_err_flags: 10, predicted_parity_bit: 1 read_parity_bit: 1
DATA OK!!
CLT_OK: predicted_err_flags: 100 read_err_flags: 100, predicted_parity_bit: 1 read_parity_bit: 1
CLT_OK: predicted_err_flags: 100 read_err_flags: 100, predicted_parity_bit: 1 read_parity_bit: 1
DATA OK!!
DATA OK!!
DATA OK!!
DATA OK!!
CLT_OK: predicted_err_flags: 1 read_err_flags: 1, predicted_parity_bit: 1 read_parity_bit: 1
DATA OK!!
CLT_OK: predicted_err_flags: 1 read_err_flags: 1, predicted_parity_bit: 1 read_parity_bit: 1
DATA OK!!
CLT_OK: predicted_err_flags: 100 read_err_flags: 100, predicted_parity_bit: 1 read_parity_bit: 1
CLT_OK: predicted_err_flags: 100 read_err_flags: 100, predicted_parity_bit: 1 read_parity_bit: 1
DATA OK!!
DATA OK!!
DATA OK!!
DATA OK!!
DATA OK!!
DATA OK!!
CLT_OK: predicted_err_flags: 100 read_err_flags: 100, predicted_parity_bit: 1 read_parity_bit: 1
DATA OK!!
DATA OK!!
CLT_OK: predicted_err_flags: 1 read_err_flags: 1, predicted_parity_bit: 1 read_parity_bit: 1
CLT_OK: predicted_err_flags: 1 read_err_flags: 1, predicted_parity_bit: 1 read_parity_bit: 1
CLT_OK: predicted_err_flags: 1 read_err_flags: 1, predicted_parity_bit: 1 read_parity_bit: 1
DATA OK!!
DATA OK!!
DATA OK!!
DATA OK!!
DATA OK!!
CLT_OK: predicted_err_flags: 10 read_err_flags: 10, predicted_parity_bit: 1 read_parity_bit: 1
CLT_OK: predicted_err_flags: 10 read_err_flags: 10, predicted_parity_bit: 1 read_parity_bit: 1
CLT_OK: predicted_err_flags: 10 read_err_flags: 10, predicted_parity_bit: 1 read_parity_bit: 1
CLT_OK: predicted_err_flags: 10 read_err_flags: 10, predicted_parity_bit: 1 read_parity_bit: 1
CLT_OK: predicted_err_flags: 10 read_err_flags: 10, predicted_parity_bit: 1 read_parity_bit: 1
DATA OK!!
DATA OK!!
DATA OK!!
CLT_OK: predicted_err_flags: 1 read_err_flags: 1, predicted_parity_bit: 1 read_parity_bit: 1
CLT_OK: predicted_err_flags: 1 read_err_flags: 1, predicted_parity_bit: 1 read_parity_bit: 1
DATA OK!!
DATA OK!!
DATA OK!!
DATA OK!!
DATA OK!!
DATA OK!!
CLT_OK: predicted_err_flags: 100 read_err_flags: 100, predicted_parity_bit: 1 read_parity_bit: 1
CLT_OK: predicted_err_flags: 100 read_err_flags: 100, predicted_parity_bit: 1 read_parity_bit: 1
CLT_OK: predicted_err_flags: 100 read_err_flags: 100, predicted_parity_bit: 1 read_parity_bit: 1
DATA OK!!
DATA OK!!
DATA OK!!
DATA OK!!
DATA OK!!
DATA OK!!
DATA OK!!
CLT_OK: predicted_err_flags: 10 read_err_flags: 10, predicted_parity_bit: 1 read_parity_bit: 1
CLT_OK: predicted_err_flags: 10 read_err_flags: 10, predicted_parity_bit: 1 read_parity_bit: 1
DATA OK!!
CLT_OK: predicted_err_flags: 100 read_err_flags: 100, predicted_parity_bit: 1 read_parity_bit: 1
CLT_OK: predicted_err_flags: 100 read_err_flags: 100, predicted_parity_bit: 1 read_parity_bit: 1
CLT_OK: predicted_err_flags: 1 read_err_flags: 1, predicted_parity_bit: 1 read_parity_bit: 1
CLT_OK: predicted_err_flags: 100 read_err_flags: 100, predicted_parity_bit: 1 read_parity_bit: 1
DATA OK!!
DATA OK!!
DATA OK!!
CLT_OK: predicted_err_flags: 10 read_err_flags: 10, predicted_parity_bit: 1 read_parity_bit: 1
CLT_OK: predicted_err_flags: 10 read_err_flags: 10, predicted_parity_bit: 1 read_parity_bit: 1
CLT_OK: predicted_err_flags: 10 read_err_flags: 10, predicted_parity_bit: 1 read_parity_bit: 1
CLT_OK: predicted_err_flags: 10 read_err_flags: 10, predicted_parity_bit: 1 read_parity_bit: 1
DATA OK!!
DATA OK!!
DATA OK!!
CLT_OK: predicted_err_flags: 1 read_err_flags: 1, predicted_parity_bit: 1 read_parity_bit: 1
DATA OK!!
DATA OK!!
DATA OK!!
DATA OK!!
DATA OK!!
DATA OK!!
CLT_OK: predicted_err_flags: 1 read_err_flags: 1, predicted_parity_bit: 1 read_parity_bit: 1
CLT_OK: predicted_err_flags: 1 read_err_flags: 1, predicted_parity_bit: 1 read_parity_bit: 1
DATA OK!!
DATA OK!!
CLT_OK: predicted_err_flags: 10 read_err_flags: 10, predicted_parity_bit: 1 read_parity_bit: 1
CLT_OK: predicted_err_flags: 10 read_err_flags: 10, predicted_parity_bit: 1 read_parity_bit: 1
DATA OK!!
DATA OK!!
DATA OK!!
DATA OK!!
CLT_OK: predicted_err_flags: 100 read_err_flags: 100, predicted_parity_bit: 1 read_parity_bit: 1
DATA OK!!
DATA OK!!
DATA OK!!
DATA OK!!
DATA OK!!
DATA OK!!
DATA OK!!
DATA OK!!
DATA OK!!
DATA OK!!
DATA OK!!
DATA OK!!
CLT_OK: predicted_err_flags: 10 read_err_flags: 10, predicted_parity_bit: 1 read_parity_bit: 1
CLT_OK: predicted_err_flags: 10 read_err_flags: 10, predicted_parity_bit: 1 read_parity_bit: 1
DATA OK!!
DATA OK!!
CLT_OK: predicted_err_flags: 100 read_err_flags: 100, predicted_parity_bit: 1 read_parity_bit: 1
DATA OK!!
DATA OK!!
DATA OK!!
DATA OK!!
CLT_OK: predicted_err_flags: 1 read_err_flags: 1, predicted_parity_bit: 1 read_parity_bit: 1
CLT_OK: predicted_err_flags: 1 read_err_flags: 1, predicted_parity_bit: 1 read_parity_bit: 1
DATA OK!!
CLT_OK: predicted_err_flags: 100 read_err_flags: 100, predicted_parity_bit: 1 read_parity_bit: 1
CLT_OK: predicted_err_flags: 100 read_err_flags: 100, predicted_parity_bit: 1 read_parity_bit: 1
DATA OK!!
DATA OK!!
DATA OK!!
DATA OK!!
DATA OK!!
DATA OK!!
DATA OK!!
CLT_OK: predicted_err_flags: 10 read_err_flags: 10, predicted_parity_bit: 1 read_parity_bit: 1
DATA OK!!
DATA OK!!
DATA OK!!
DATA OK!!
DATA OK!!
CLT_OK: predicted_err_flags: 100 read_err_flags: 100, predicted_parity_bit: 1 read_parity_bit: 1
CLT_OK: predicted_err_flags: 100 read_err_flags: 100, predicted_parity_bit: 1 read_parity_bit: 1
DATA OK!!
DATA OK!!
DATA OK!!
DATA OK!!
DATA OK!!
DATA OK!!
CLT_OK: predicted_err_flags: 100 read_err_flags: 100, predicted_parity_bit: 1 read_parity_bit: 1
CLT_OK: predicted_err_flags: 100 read_err_flags: 100, predicted_parity_bit: 1 read_parity_bit: 1
CLT_OK: predicted_err_flags: 100 read_err_flags: 100, predicted_parity_bit: 1 read_parity_bit: 1
CLT_OK: predicted_err_flags: 100 read_err_flags: 100, predicted_parity_bit: 1 read_parity_bit: 1
CLT_OK: predicted_err_flags: 100 read_err_flags: 100, predicted_parity_bit: 1 read_parity_bit: 1
CLT_OK: predicted_err_flags: 100 read_err_flags: 100, predicted_parity_bit: 1 read_parity_bit: 1
CLT_OK: predicted_err_flags: 100 read_err_flags: 100, predicted_parity_bit: 1 read_parity_bit: 1
CLT_OK: predicted_err_flags: 100 read_err_flags: 100, predicted_parity_bit: 1 read_parity_bit: 1
DATA OK!!
DATA OK!!
DATA OK!!
DATA OK!!
CLT_OK: predicted_err_flags: 1 read_err_flags: 1, predicted_parity_bit: 1 read_parity_bit: 1
CLT_OK: predicted_err_flags: 1 read_err_flags: 1, predicted_parity_bit: 1 read_parity_bit: 1
CLT_OK: predicted_err_flags: 1 read_err_flags: 1, predicted_parity_bit: 1 read_parity_bit: 1
CLT_OK: predicted_err_flags: 1 read_err_flags: 1, predicted_parity_bit: 1 read_parity_bit: 1
DATA OK!!
CLT_OK: predicted_err_flags: 10 read_err_flags: 10, predicted_parity_bit: 1 read_parity_bit: 1
DATA OK!!
DATA OK!!
DATA OK!!
DATA OK!!
DATA OK!!
DATA OK!!
CLT_OK: predicted_err_flags: 1 read_err_flags: 1, predicted_parity_bit: 1 read_parity_bit: 1
CLT_OK: predicted_err_flags: 1 read_err_flags: 1, predicted_parity_bit: 1 read_parity_bit: 1
CLT_OK: predicted_err_flags: 10 read_err_flags: 10, predicted_parity_bit: 1 read_parity_bit: 1
DATA OK!!
CLT_OK: predicted_err_flags: 1 read_err_flags: 1, predicted_parity_bit: 1 read_parity_bit: 1
DATA OK!!
DATA OK!!
DATA OK!!
DATA OK!!
DATA OK!!
DATA OK!!
CLT_OK: predicted_err_flags: 100 read_err_flags: 100, predicted_parity_bit: 1 read_parity_bit: 1
DATA OK!!
CLT_OK: predicted_err_flags: 10 read_err_flags: 10, predicted_parity_bit: 1 read_parity_bit: 1
CLT_OK: predicted_err_flags: 10 read_err_flags: 10, predicted_parity_bit: 1 read_parity_bit: 1
DATA OK!!
CLT_OK: predicted_err_flags: 10 read_err_flags: 10, predicted_parity_bit: 1 read_parity_bit: 1
CLT_OK: predicted_err_flags: 10 read_err_flags: 10, predicted_parity_bit: 1 read_parity_bit: 1
CLT_OK: predicted_err_flags: 10 read_err_flags: 10, predicted_parity_bit: 1 read_parity_bit: 1
CLT_OK: predicted_err_flags: 10 read_err_flags: 10, predicted_parity_bit: 1 read_parity_bit: 1
CLT_OK: predicted_err_flags: 10 read_err_flags: 10, predicted_parity_bit: 1 read_parity_bit: 1
CLT_OK: predicted_err_flags: 10 read_err_flags: 10, predicted_parity_bit: 1 read_parity_bit: 1
DATA OK!!
DATA OK!!
DATA OK!!
DATA OK!!
DATA OK!!
DATA OK!!
DATA OK!!
DATA OK!!
DATA OK!!
DATA OK!!
CLT_OK: predicted_err_flags: 100 read_err_flags: 100, predicted_parity_bit: 1 read_parity_bit: 1
CLT_OK: predicted_err_flags: 100 read_err_flags: 100, predicted_parity_bit: 1 read_parity_bit: 1
DATA OK!!
DATA OK!!
DATA OK!!
DATA OK!!
CLT_OK: predicted_err_flags: 1 read_err_flags: 1, predicted_parity_bit: 1 read_parity_bit: 1
DATA OK!!
DATA OK!!
DATA OK!!
DATA OK!!
DATA OK!!
DATA OK!!
DATA OK!!
DATA OK!!
CLT_OK: predicted_err_flags: 100 read_err_flags: 100, predicted_parity_bit: 1 read_parity_bit: 1
DATA OK!!
DATA OK!!
DATA OK!!
DATA OK!!
DATA OK!!
DATA OK!!
DATA OK!!
DATA OK!!
DATA OK!!
DATA OK!!
DATA OK!!
DATA OK!!
DATA OK!!
DATA OK!!
CLT_OK: predicted_err_flags: 10 read_err_flags: 10, predicted_parity_bit: 1 read_parity_bit: 1
CLT_OK: predicted_err_flags: 100 read_err_flags: 100, predicted_parity_bit: 1 read_parity_bit: 1
CLT_OK: predicted_err_flags: 100 read_err_flags: 100, predicted_parity_bit: 1 read_parity_bit: 1
CLT_OK: predicted_err_flags: 100 read_err_flags: 100, predicted_parity_bit: 1 read_parity_bit: 1
DATA OK!!
CLT_OK: predicted_err_flags: 10 read_err_flags: 10, predicted_parity_bit: 1 read_parity_bit: 1
DATA OK!!
DATA OK!!
DATA OK!!
DATA OK!!
DATA OK!!
DATA OK!!
DATA OK!!
DATA OK!!
DATA OK!!
DATA OK!!
DATA OK!!
DATA OK!!
DATA OK!!
DATA OK!!
DATA OK!!
DATA OK!!
DATA OK!!
DATA OK!!
DATA OK!!
DATA OK!!
CLT_OK: predicted_err_flags: 1 read_err_flags: 1, predicted_parity_bit: 1 read_parity_bit: 1
CLT_OK: predicted_err_flags: 1 read_err_flags: 1, predicted_parity_bit: 1 read_parity_bit: 1
CLT_OK: predicted_err_flags: 1 read_err_flags: 1, predicted_parity_bit: 1 read_parity_bit: 1
CLT_OK: predicted_err_flags: 1 read_err_flags: 1, predicted_parity_bit: 1 read_parity_bit: 1
CLT_OK: predicted_err_flags: 1 read_err_flags: 1, predicted_parity_bit: 1 read_parity_bit: 1
CLT_OK: predicted_err_flags: 1 read_err_flags: 1, predicted_parity_bit: 1 read_parity_bit: 1
CLT_OK: predicted_err_flags: 1 read_err_flags: 1, predicted_parity_bit: 1 read_parity_bit: 1
CLT_OK: predicted_err_flags: 1 read_err_flags: 1, predicted_parity_bit: 1 read_parity_bit: 1
CLT_OK: predicted_err_flags: 1 read_err_flags: 1, predicted_parity_bit: 1 read_parity_bit: 1
CLT_OK: predicted_err_flags: 100 read_err_flags: 100, predicted_parity_bit: 1 read_parity_bit: 1
CLT_OK: predicted_err_flags: 100 read_err_flags: 100, predicted_parity_bit: 1 read_parity_bit: 1
CLT_OK: predicted_err_flags: 100 read_err_flags: 100, predicted_parity_bit: 1 read_parity_bit: 1
CLT_OK: predicted_err_flags: 100 read_err_flags: 100, predicted_parity_bit: 1 read_parity_bit: 1
CLT_OK: predicted_err_flags: 100 read_err_flags: 100, predicted_parity_bit: 1 read_parity_bit: 1
DATA OK!!
CLT_OK: predicted_err_flags: 10 read_err_flags: 10, predicted_parity_bit: 1 read_parity_bit: 1
CLT_OK: predicted_err_flags: 10 read_err_flags: 10, predicted_parity_bit: 1 read_parity_bit: 1
DATA OK!!
DATA OK!!
DATA OK!!
DATA OK!!
DATA OK!!
DATA OK!!
DATA OK!!
DATA OK!!
DATA OK!!
DATA OK!!
CLT_OK: predicted_err_flags: 1 read_err_flags: 1, predicted_parity_bit: 1 read_parity_bit: 1
CLT_OK: predicted_err_flags: 1 read_err_flags: 1, predicted_parity_bit: 1 read_parity_bit: 1
DATA OK!!
DATA OK!!
CLT_OK: predicted_err_flags: 1 read_err_flags: 1, predicted_parity_bit: 1 read_parity_bit: 1
CLT_OK: predicted_err_flags: 1 read_err_flags: 1, predicted_parity_bit: 1 read_parity_bit: 1
CLT_OK: predicted_err_flags: 1 read_err_flags: 1, predicted_parity_bit: 1 read_parity_bit: 1
DATA OK!!
DATA OK!!
CLT_OK: predicted_err_flags: 100 read_err_flags: 100, predicted_parity_bit: 1 read_parity_bit: 1
DATA OK!!
DATA OK!!
DATA OK!!
Simulation interrupted at 3469550 NS + 0
xcelium> ^C
xcelium> exit
...Regained control from SimVision
-------------------------------------
See ./cov_work/scope/lab01/icc.com file for message(s) on coverage constant object marking

coverage setup:
  workdir  :  ./cov_work
  dutinst  :  top_TB(top_TB)
  scope    :  scope
  testname :  lab01

coverage files:
  model(design data) :  ./cov_work/scope/icc_577f1bd0_753001e1.ucm
  data               :  ./cov_work/scope/lab01/icc_577f1bd0_753001e1.ucd
TOOL:	xrun	19.09-s003: Exiting on Oct 28, 2020 at 18:19:46 CET  (total: 00:02:18)
