TOOL:	xrun	19.09-s003: Started on Oct 25, 2020 at 05:00:39 CET
xrun
	-compile
	-l xrun_compile.log
	-f dut.f
		mtm_Alu.vp
	-f tb.f
		alu_testbench.sv
	-v93
	+nowarnDSEM2009
	+nowarnDSEMEL
	+nowarnCGDEFN
	-xmlibdirname INCA_libs_gui
	+access+r
	+gui
	+overwrite
	-nocopyright
	-coverage all
	-covoverwrite
	-covfile xrun_covfile.txt
file: mtm_Alu.vp
	module worklib.mtm_Alu:vp
		errors: 0, warnings: 0
		errors: 0, warnings: 0
		errors: 0, warnings: 0
		errors: 0, warnings: 0
file: alu_testbench.sv
		1'b11: random_number = {32{1'b1}};
		    |
xmvlog: *W,INTOVF (alu_testbench.sv,154|6): bit overflow during conversion from text [2.5(IEEE)] (1 bits).
	module worklib.top_TB:sv
		errors: 0, warnings: 1
TOOL:	xrun	19.09-s003: Exiting on Oct 25, 2020 at 05:00:39 CET  (total: 00:00:00)
